Using pre-set license
Built from '2021.1/staging' branch; Version is '2021.1.7f1 (d91830b65d9b) revision 14227504'; Using compiler version '192528614'; Build Type 'Release'
OS: 'Windows 10 Pro; OS build 19042.1052; Version 2009; 64bit' Language: 'en' Physical Memory: 16338 MB
BatchMode: 1, IsHumanControllingUs: 0, StartBugReporterOnCrash: 0, Is64bit: 1, IsPro: 0

 COMMAND LINE ARGUMENTS:
C:\Program Files\Unity\Hub\Editor\2021.1.7f1\Editor\Unity.exe
-adb2
-batchMode
-noUpm
-name
AssetImportWorker0
-projectPath
C:/Users/Pereira/Documents/Unity Projects/3° Game - 10 Week Challenge
-logFile
Logs/AssetImportWorker0.log
-srvPort
61548
Successfully changed project path to: C:/Users/Pereira/Documents/Unity Projects/3° Game - 10 Week Challenge
C:/Users/Pereira/Documents/Unity Projects/3° Game - 10 Week Challenge
Using Asset Import Pipeline V2.
Refreshing native plugins compatible for Editor in 133.41 ms, found 1 plugins.
Preloading 0 native plugins for Editor in 0.00 ms.
Initialize engine version: 2021.1.7f1 (d91830b65d9b)
[Subsystems] Discovering subsystems at path C:/Program Files/Unity/Hub/Editor/2021.1.7f1/Editor/Data/Resources/UnitySubsystems
[Subsystems] Discovering subsystems at path C:/Users/Pereira/Documents/Unity Projects/3° Game - 10 Week Challenge/Assets
GfxDevice: creating device client; threaded=0; jobified=0
Direct3D:
    Version:  Direct3D 11.0 [level 11.1]
    Renderer: NVIDIA GeForce GTX 1060 6GB (ID=0x1c03)
    Vendor:   NVIDIA
    VRAM:     6052 MB
    Driver:   27.21.14.6109
Shader 'Universal Render Pipeline/Particles/Lit': fallback shader 'Universal Render Pipeline/Particles/SimpleLit' not found
Shader 'Custom/RainShader': fallback shader 'Particles/Alpha Blended' not found
Initialize mono
Mono path[0] = 'C:/Program Files/Unity/Hub/Editor/2021.1.7f1/Editor/Data/Managed'
Mono path[1] = 'C:/Program Files/Unity/Hub/Editor/2021.1.7f1/Editor/Data/MonoBleedingEdge/lib/mono/unityjit'
Mono config path = 'C:/Program Files/Unity/Hub/Editor/2021.1.7f1/Editor/Data/MonoBleedingEdge/etc'
Using monoOptions --debugger-agent=transport=dt_socket,embedding=1,server=y,suspend=n,address=127.0.0.1:56228
Begin MonoManager ReloadAssembly
Registering precompiled unity dll's ...
Register platform support module: C:/Program Files/Unity/Hub/Editor/2021.1.7f1/Editor/Data/PlaybackEngines/WebGLSupport/UnityEditor.WebGL.Extensions.dll
Register platform support module: C:/Program Files/Unity/Hub/Editor/2021.1.7f1/Editor/Data/PlaybackEngines/MacStandaloneSupport/UnityEditor.OSXStandalone.Extensions.dll
Register platform support module: C:/Program Files/Unity/Hub/Editor/2021.1.7f1/Editor/Data/PlaybackEngines/WindowsStandaloneSupport/UnityEditor.WindowsStandalone.Extensions.dll
Registered in 0.007026 seconds.
Native extension for WindowsStandalone target not found
Native extension for OSXStandalone target not found
Native extension for WebGL target not found
Refreshing native plugins compatible for Editor in 141.16 ms, found 1 plugins.
Preloading 0 native plugins for Editor in 0.00 ms.
Mono: successfully reloaded assembly
- Completed reload, in  3.047 seconds
Platform modules already initialized, skipping
Registering precompiled user dll's ...
Registered in 0.013435 seconds.
Begin MonoManager ReloadAssembly
Symbol file LoadedFromMemory doesn't match image C:\Users\Pereira\Documents\Unity Projects\3° Game - 10 Week Challenge\Library\PackageCache\com.unity.visualscripting@1.6.1\Editor\VisualScripting.Core\Dependencies\YamlDotNet\Unity.VisualScripting.YamlDotNet.dll
Symbol file LoadedFromMemory doesn't match image C:\Users\Pereira\Documents\Unity Projects\3° Game - 10 Week Challenge\Library\PackageCache\com.unity.visualscripting@1.6.1\Editor\VisualScripting.Core\Dependencies\DotNetZip\Unity.VisualScripting.IonicZip.dll
Native extension for WindowsStandalone target not found
Native extension for OSXStandalone target not found
Native extension for WebGL target not found
Refreshing native plugins compatible for Editor in 178.74 ms, found 1 plugins.
Preloading 0 native plugins for Editor in 0.00 ms.
Mono: successfully reloaded assembly
- Completed reload, in  1.884 seconds
Platform modules already initialized, skipping
========================================================================
Worker process is ready to serve import requests
Shader 'Universal Render Pipeline/Particles/Lit': fallback shader 'Universal Render Pipeline/Particles/SimpleLit' not found
Shader 'Custom/RainShader': fallback shader 'Particles/Alpha Blended' not found
Launched and connected shader compiler UnityShaderCompiler.exe after 0.07 seconds
Refreshing native plugins compatible for Editor in 1.01 ms, found 1 plugins.
Preloading 0 native plugins for Editor in 0.00 ms.
Unloading 5048 Unused Serialized files (Serialized files now loaded: 0)
System memory in use before: 216.7 MB.
System memory in use after: 217.1 MB.

Unloading 18 unused Assets to reduce memory usage. Loaded Objects now: 5529.
Total: 4.390400 ms (FindLiveObjects: 0.440500 ms CreateObjectMapping: 0.326900 ms MarkObjects: 3.425500 ms  DeleteObjects: 0.195700 ms)

========================================================================
Received Import Request.
  path: Assets/VFX
  artifactKey: Guid(133860d290f877842b668b859c7a9b61) Importer(815301076,1909f56bfc062723c751e8b465ee728b)
Start importing Assets/VFX using Guid(133860d290f877842b668b859c7a9b61) Importer(815301076,1909f56bfc062723c751e8b465ee728b)  -> (artifact id: '5a88d3b39e10f7f37423e9f0d4d1687b') in 0.013994 seconds 
========================================================================
Received Import Request.
  Time since last request: 0.000207 seconds.
  path: Assets/VFX/Smoke_400x400px.png
  artifactKey: Guid(f80009a8a7cdda24d9edd79829a3c0a7) Importer(815301076,1909f56bfc062723c751e8b465ee728b)
Start importing Assets/VFX/Smoke_400x400px.png using Guid(f80009a8a7cdda24d9edd79829a3c0a7) Importer(815301076,1909f56bfc062723c751e8b465ee728b)  -> (artifact id: '0ad7767a24e4683d6f8b6e14f361ab51') in 0.139304 seconds 
========================================================================
Received Import Request.
  Time since last request: 0.000221 seconds.
  path: Assets/New Terrain.asset
  artifactKey: Guid(b0143366cd1ff354cb15d7e3eed1ea36) Importer(815301076,1909f56bfc062723c751e8b465ee728b)
Start importing Assets/New Terrain.asset using Guid(b0143366cd1ff354cb15d7e3eed1ea36) Importer(815301076,1909f56bfc062723c751e8b465ee728b)  -> (artifact id: 'cce4254c0486708264e6a35eabee69da') in 0.015089 seconds 
========================================================================
Received Import Request.
  Time since last request: 0.000167 seconds.
  path: Assets/VFX/Muzzle Flash.vfx
  artifactKey: Guid(3cd5168877ac37040938f26eadfc973b) Importer(815301076,1909f56bfc062723c751e8b465ee728b)
Start importing Assets/VFX/Muzzle Flash.vfx using Guid(3cd5168877ac37040938f26eadfc973b) Importer(815301076,1909f56bfc062723c751e8b465ee728b)  -> (artifact id: 'ed89e42ea83f19ac3c43509b5b9ba02e') in 0.014265 seconds 
========================================================================
Received Import Request.
  Time since last request: 39.641436 seconds.
  path: Assets/VFX/Muzzle Flash.vfx
  artifactKey: Guid(3cd5168877ac37040938f26eadfc973b) Importer(815301076,1909f56bfc062723c751e8b465ee728b)
Start importing Assets/VFX/Muzzle Flash.vfx using Guid(3cd5168877ac37040938f26eadfc973b) Importer(815301076,1909f56bfc062723c751e8b465ee728b)  -> (artifact id: 'bbed1b515eca7b3b247d0727f7c7435a') in 0.004970 seconds 
========================================================================
Received Import Request.
  Time since last request: 27.635094 seconds.
  path: Assets/VFX/Muzzle Flash.vfx
  artifactKey: Guid(3cd5168877ac37040938f26eadfc973b) Importer(815301076,1909f56bfc062723c751e8b465ee728b)
Start importing Assets/VFX/Muzzle Flash.vfx using Guid(3cd5168877ac37040938f26eadfc973b) Importer(815301076,1909f56bfc062723c751e8b465ee728b)  -> (artifact id: 'bfcc4b156af131938b54360540e4a6ae') in 0.005877 seconds 
========================================================================
Received Import Request.
  Time since last request: 24.916122 seconds.
  path: Assets/VFX/Muzzle Flash.vfx
  artifactKey: Guid(3cd5168877ac37040938f26eadfc973b) Importer(815301076,1909f56bfc062723c751e8b465ee728b)
Start importing Assets/VFX/Muzzle Flash.vfx using Guid(3cd5168877ac37040938f26eadfc973b) Importer(815301076,1909f56bfc062723c751e8b465ee728b)  -> (artifact id: 'cecff2bb816e677e354ce5eefae6f8df') in 0.003804 seconds 
========================================================================
Received Import Request.
  Time since last request: 47.445372 seconds.
  path: Assets/VFX/Muzzle Flash.vfx
  artifactKey: Guid(3cd5168877ac37040938f26eadfc973b) Importer(815301076,1909f56bfc062723c751e8b465ee728b)
Start importing Assets/VFX/Muzzle Flash.vfx using Guid(3cd5168877ac37040938f26eadfc973b) Importer(815301076,1909f56bfc062723c751e8b465ee728b)  -> (artifact id: '58519369bd4866c3f4ee7c0b3cece088') in 0.004782 seconds 
========================================================================
Received Import Request.
  Time since last request: 0.396882 seconds.
  path: Assets/VFX/Muzzle Flash.vfx
  artifactKey: Guid(3cd5168877ac37040938f26eadfc973b) Importer(815301076,1909f56bfc062723c751e8b465ee728b)
Start importing Assets/VFX/Muzzle Flash.vfx using Guid(3cd5168877ac37040938f26eadfc973b) Importer(815301076,1909f56bfc062723c751e8b465ee728b)  -> (artifact id: '48564b0dc99beb049c7ca89bb0fa4c8c') in 0.008304 seconds 
========================================================================
Received Import Request.
  Time since last request: 1.990282 seconds.
  path: Assets/VFX/Muzzle Flash.vfx
  artifactKey: Guid(3cd5168877ac37040938f26eadfc973b) Importer(815301076,1909f56bfc062723c751e8b465ee728b)
Start importing Assets/VFX/Muzzle Flash.vfx using Guid(3cd5168877ac37040938f26eadfc973b) Importer(815301076,1909f56bfc062723c751e8b465ee728b)  -> (artifact id: '6d441bfcd779dcef304d0698a99a3526') in 0.005025 seconds 
========================================================================
Received Import Request.
  Time since last request: 291.935189 seconds.
  path: Assets/VFX/Muzzle Flash.vfx
  artifactKey: Guid(3cd5168877ac37040938f26eadfc973b) Importer(815301076,1909f56bfc062723c751e8b465ee728b)
Start importing Assets/VFX/Muzzle Flash.vfx using Guid(3cd5168877ac37040938f26eadfc973b) Importer(815301076,1909f56bfc062723c751e8b465ee728b)  -> (artifact id: '4dae7db84fdaa9233a820f3557df5235') in 0.004528 seconds 
========================================================================
Received Import Request.
  Time since last request: 32.606258 seconds.
  path: Assets/Settings/UniversalRP-HighQuality.asset
  artifactKey: Guid(19ba41d7c0026c3459d37c2fe90c55a0) Importer(815301076,1909f56bfc062723c751e8b465ee728b)
Start importing Assets/Settings/UniversalRP-HighQuality.asset using Guid(19ba41d7c0026c3459d37c2fe90c55a0) Importer(815301076,1909f56bfc062723c751e8b465ee728b)  -> (artifact id: '07b7787e6af0015bef542e49a9923ad6') in 0.007568 seconds 
========================================================================
Received Import Request.
  Time since last request: 22.042528 seconds.
  path: Assets/Settings/UniversalRP-HighQuality.asset
  artifactKey: Guid(19ba41d7c0026c3459d37c2fe90c55a0) Importer(815301076,1909f56bfc062723c751e8b465ee728b)
Start importing Assets/Settings/UniversalRP-HighQuality.asset using Guid(19ba41d7c0026c3459d37c2fe90c55a0) Importer(815301076,1909f56bfc062723c751e8b465ee728b)  -> (artifact id: 'b83f6ae76261cb873d4b15867d17e9db') in 0.003165 seconds 
========================================================================
Received Import Request.
  Time since last request: 28.929692 seconds.
  path: Assets/Settings/UniversalRP-HighQuality.asset
  artifactKey: Guid(19ba41d7c0026c3459d37c2fe90c55a0) Importer(815301076,1909f56bfc062723c751e8b465ee728b)
Start importing Assets/Settings/UniversalRP-HighQuality.asset using Guid(19ba41d7c0026c3459d37c2fe90c55a0) Importer(815301076,1909f56bfc062723c751e8b465ee728b)  -> (artifact id: 'ac56defaaba5e34bde5172555984cf0b') in 0.003042 seconds 
========================================================================
Received Import Request.
  Time since last request: 202.524782 seconds.
  path: Assets/Materials/Skybox_Mat.mat
  artifactKey: Guid(0ffaa0b7117ba8c47a9d05ae701d4b4d) Importer(815301076,1909f56bfc062723c751e8b465ee728b)
Start importing Assets/Materials/Skybox_Mat.mat using Guid(0ffaa0b7117ba8c47a9d05ae701d4b4d) Importer(815301076,1909f56bfc062723c751e8b465ee728b)  -> (artifact id: '4d54ab3375f41efad00566dcae11def2') in 0.272698 seconds 
========================================================================
Received Import Request.
  Time since last request: 2.005762 seconds.
  path: Assets/Materials/NewLayer.terrainlayer
  artifactKey: Guid(a8e9a370aafc5b34ea3bad08fd13c785) Importer(815301076,1909f56bfc062723c751e8b465ee728b)
Start importing Assets/Materials/NewLayer.terrainlayer using Guid(a8e9a370aafc5b34ea3bad08fd13c785) Importer(815301076,1909f56bfc062723c751e8b465ee728b)  -> (artifact id: 'ca659f223f36d0c2fa76eab6c41ba0c8') in 0.031915 seconds 
========================================================================
Received Import Request.
  Time since last request: 9.196411 seconds.
  path: Assets/Materials/New Terrain.asset
  artifactKey: Guid(b0143366cd1ff354cb15d7e3eed1ea36) Importer(815301076,1909f56bfc062723c751e8b465ee728b)
Start importing Assets/Materials/New Terrain.asset using Guid(b0143366cd1ff354cb15d7e3eed1ea36) Importer(815301076,1909f56bfc062723c751e8b465ee728b)  -> (artifact id: '71ab4451c3caf6737a65c2348d36f712') in 0.025990 seconds 
========================================================================
Received Import Request.
  Time since last request: 1.222130 seconds.
  path: Assets
  artifactKey: Guid(00000000000000001000000000000000) Importer(815301076,1909f56bfc062723c751e8b465ee728b)
Start importing Assets using Guid(00000000000000001000000000000000) Importer(815301076,1909f56bfc062723c751e8b465ee728b)  -> (artifact id: '42d402b061de3733987d63b9cc3b64de') in 0.010099 seconds 
========================================================================
Received Import Request.
  Time since last request: 4.844523 seconds.
  path: Assets/Terrain
  artifactKey: Guid(24801e926aa221b4cb58f8e064408424) Importer(815301076,1909f56bfc062723c751e8b465ee728b)
Start importing Assets/Terrain using Guid(24801e926aa221b4cb58f8e064408424) Importer(815301076,1909f56bfc062723c751e8b465ee728b)  -> (artifact id: '9afa76bc150c2919581860bf380e11ec') in 0.008227 seconds 
========================================================================
Received Import Request.
  Time since last request: 17.711366 seconds.
  path: Assets/Thirdparty/Terrain Blending Starter Kit/Documentation.rtf
  artifactKey: Guid(9cfc980c513ce0b4eaa2901ebb64d78d) Importer(815301076,1909f56bfc062723c751e8b465ee728b)
Start importing Assets/Thirdparty/Terrain Blending Starter Kit/Documentation.rtf using Guid(9cfc980c513ce0b4eaa2901ebb64d78d) Importer(815301076,1909f56bfc062723c751e8b465ee728b)  -> (artifact id: 'e519b511f229e161b8b888bf935839e8') in 0.022727 seconds 
========================================================================
Received Import Request.
  Time since last request: 2.808820 seconds.
  path: Assets/Thirdparty/Terrain Blending Starter Kit/Example Scene
  artifactKey: Guid(d742e7d502c80dd4bb734b1e47c213e0) Importer(815301076,1909f56bfc062723c751e8b465ee728b)
Start importing Assets/Thirdparty/Terrain Blending Starter Kit/Example Scene using Guid(d742e7d502c80dd4bb734b1e47c213e0) Importer(815301076,1909f56bfc062723c751e8b465ee728b)  -> (artifact id: '54246e748763c68f4c7f9c000e543da7') in 0.017579 seconds 
========================================================================
Received Import Request.
  Time since last request: 7.340001 seconds.
  path: Assets/Thirdparty/Terrain Blending Starter Kit/Example Scene/scene_desert.unity
  artifactKey: Guid(524dc9bdb75d3494bb669bb66f6945d1) Importer(815301076,1909f56bfc062723c751e8b465ee728b)
Start importing Assets/Thirdparty/Terrain Blending Starter Kit/Example Scene/scene_desert.unity using Guid(524dc9bdb75d3494bb669bb66f6945d1) Importer(815301076,1909f56bfc062723c751e8b465ee728b)  -> (artifact id: 'bfd0982ae75e81c7578d63f98a21f06f') in 0.006767 seconds 
========================================================================
Received Import Request.
  Time since last request: 14.564088 seconds.
  path: Assets/Thirdparty/Terrain Blending Starter Kit/Assets
  artifactKey: Guid(d815499e0e2b85145a093ed2327abbab) Importer(815301076,1909f56bfc062723c751e8b465ee728b)
Start importing Assets/Thirdparty/Terrain Blending Starter Kit/Assets using Guid(d815499e0e2b85145a093ed2327abbab) Importer(815301076,1909f56bfc062723c751e8b465ee728b)  -> (artifact id: 'd4276e5ce1bee85d2d4cd1280f003429') in 0.002957 seconds 
========================================================================
Received Import Request.
  Time since last request: 1.044252 seconds.
  path: Assets/Thirdparty/Terrain Blending Starter Kit/Assets/Models
  artifactKey: Guid(b986db43e276eb347917e649e2d6dde6) Importer(815301076,1909f56bfc062723c751e8b465ee728b)
Start importing Assets/Thirdparty/Terrain Blending Starter Kit/Assets/Models using Guid(b986db43e276eb347917e649e2d6dde6) Importer(815301076,1909f56bfc062723c751e8b465ee728b)  -> (artifact id: '9f857c3aa53fe9a6a2f5bec9da169d8c') in 0.007408 seconds 
========================================================================
Received Import Request.
  Time since last request: 0.070015 seconds.
  path: Assets/Thirdparty/Terrain Blending Starter Kit/Assets/Models/rock_pillar_01_lp.fbx
  artifactKey: Guid(245498c72c2ddce42ac434a2b0727c94) Importer(815301076,1909f56bfc062723c751e8b465ee728b)
Start importing Assets/Thirdparty/Terrain Blending Starter Kit/Assets/Models/rock_pillar_01_lp.fbx using Guid(245498c72c2ddce42ac434a2b0727c94) Importer(815301076,1909f56bfc062723c751e8b465ee728b)  -> (artifact id: 'ea502739052640388fd6764ad1e3473b') in 0.092167 seconds 
========================================================================
Received Import Request.
  Time since last request: 5.474448 seconds.
  path: Assets/Thirdparty/Terrain Blending Starter Kit/Assets/Shaders
  artifactKey: Guid(e90e9f4abb63eb041a6c5e1dc67bbedd) Importer(815301076,1909f56bfc062723c751e8b465ee728b)
Start importing Assets/Thirdparty/Terrain Blending Starter Kit/Assets/Shaders using Guid(e90e9f4abb63eb041a6c5e1dc67bbedd) Importer(815301076,1909f56bfc062723c751e8b465ee728b)  -> (artifact id: '4062cc1c4002fb7e7729ad3499e96194') in 0.008386 seconds 
========================================================================
Received Import Request.
  Time since last request: 2.801690 seconds.
  path: Assets/Thirdparty/Terrain Blending Starter Kit/Assets/Shaders/Standard-FirstPass Blend.shader
  artifactKey: Guid(01064b2b9ce7c2e4c94a9cc403a0485f) Importer(815301076,1909f56bfc062723c751e8b465ee728b)
Start importing Assets/Thirdparty/Terrain Blending Starter Kit/Assets/Shaders/Standard-FirstPass Blend.shader using Guid(01064b2b9ce7c2e4c94a9cc403a0485f) Importer(815301076,1909f56bfc062723c751e8b465ee728b)  -> (artifact id: '77f71f27c7ec8f51f9b6a443b8c9d4c8') in 0.009870 seconds 
========================================================================
Received Import Request.
  Time since last request: 30.218813 seconds.
  path: Assets/Terrain/Grass.terrainlayer
  artifactKey: Guid(a8e9a370aafc5b34ea3bad08fd13c785) Importer(815301076,1909f56bfc062723c751e8b465ee728b)
Start importing Assets/Terrain/Grass.terrainlayer using Guid(a8e9a370aafc5b34ea3bad08fd13c785) Importer(815301076,1909f56bfc062723c751e8b465ee728b)  -> (artifact id: '0d739d8fcfc7a3790392ef8ca7c560bb') in 0.016696 seconds 
========================================================================
Received Import Request.
  Time since last request: 1.624970 seconds.
  path: Assets/Scenes/Game Scene.unity
  artifactKey: Guid(eecccbbc4b2a26040a16f636ac3aaa9d) Importer(815301076,1909f56bfc062723c751e8b465ee728b)
Start importing Assets/Scenes/Game Scene.unity using Guid(eecccbbc4b2a26040a16f636ac3aaa9d) Importer(815301076,1909f56bfc062723c751e8b465ee728b)  -> (artifact id: 'dead2d4ef14cc44ac17d16ecbc6889b1') in 0.009239 seconds 
========================================================================
Received Import Request.
  Time since last request: 64.929576 seconds.
  path: Assets/Terrain/NewLayer.terrainlayer
  artifactKey: Guid(bfa94a5239a48fd4195af1219b5413c7) Importer(815301076,1909f56bfc062723c751e8b465ee728b)
Start importing Assets/Terrain/NewLayer.terrainlayer using Guid(bfa94a5239a48fd4195af1219b5413c7) Importer(815301076,1909f56bfc062723c751e8b465ee728b)  -> (artifact id: '5b941cd0a20a5783d3cfe5ba6514986c') in 0.017297 seconds 
========================================================================
Received Import Request.
  Time since last request: 7.013217 seconds.
  path: Assets/Terrain/Grass_Rock.terrainlayer
  artifactKey: Guid(bfa94a5239a48fd4195af1219b5413c7) Importer(815301076,1909f56bfc062723c751e8b465ee728b)
Start importing Assets/Terrain/Grass_Rock.terrainlayer using Guid(bfa94a5239a48fd4195af1219b5413c7) Importer(815301076,1909f56bfc062723c751e8b465ee728b)  -> (artifact id: '32a01ea6d571a03e68f2564cc9a06d95') in 0.013643 seconds 
========================================================================
Received Import Request.
  Time since last request: 93.365610 seconds.
  path: Assets/Terrain/New Terrain.asset
  artifactKey: Guid(b0143366cd1ff354cb15d7e3eed1ea36) Importer(815301076,1909f56bfc062723c751e8b465ee728b)
Start importing Assets/Terrain/New Terrain.asset using Guid(b0143366cd1ff354cb15d7e3eed1ea36) Importer(815301076,1909f56bfc062723c751e8b465ee728b)  -> (artifact id: 'e5addb98edfc757b2ac4fbf1fe787683') in 0.022339 seconds 
AssetImportWorkerClient::OnTransportError - code=2 error=End of file
