Using pre-set license
Built from '2020.3/release' branch; Version is '2020.3.12f1 (b3b2c6512326) revision 11776710'; Using compiler version '192528614'; Build Type 'Release'
OS: 'Windows 10 Home Single Language; OS build 19042.1052; Version 2009; 64bit' Language: 'pt' Physical Memory: 7952 MB
BatchMode: 1, IsHumanControllingUs: 0, StartBugReporterOnCrash: 0, Is64bit: 1, IsPro: 0

 COMMAND LINE ARGUMENTS:
C:\Program Files\Unity\Hub\Editor\2020.3.12f1\Editor\Unity.exe
-adb2
-batchMode
-noUpm
-name
AssetImportWorker1
-projectPath
C:/Users/Instrutor/Documents/Unity Projects/3-Game---10-Week-Challenge
-logFile
Logs/AssetImportWorker1.log
-srvPort
62793
Successfully changed project path to: C:/Users/Instrutor/Documents/Unity Projects/3-Game---10-Week-Challenge
C:/Users/Instrutor/Documents/Unity Projects/3-Game---10-Week-Challenge
Using Asset Import Pipeline V2.
Refreshing native plugins compatible for Editor in 374.82 ms, found 1 plugins.
Preloading 0 native plugins for Editor in 0.00 ms.
Initialize engine version: 2020.3.12f1 (b3b2c6512326)
[Subsystems] Discovering subsystems at path C:/Program Files/Unity/Hub/Editor/2020.3.12f1/Editor/Data/Resources/UnitySubsystems
[Subsystems] Discovering subsystems at path C:/Users/Instrutor/Documents/Unity Projects/3-Game---10-Week-Challenge/Assets
GfxDevice: creating device client; threaded=0
Direct3D:
    Version:  Direct3D 11.0 [level 11.1]
    Renderer: NVIDIA GeForce MX350 (ID=0x1c94)
    Vendor:   
    VRAM:     1979 MB
    Driver:   27.21.14.5167
Shader 'Custom/RainShader': fallback shader 'Particles/Alpha Blended' not found
Shader 'Universal Render Pipeline/Particles/Lit': fallback shader 'Universal Render Pipeline/Particles/SimpleLit' not found
Initialize mono
Mono path[0] = 'C:/Program Files/Unity/Hub/Editor/2020.3.12f1/Editor/Data/Managed'
Mono path[1] = 'C:/Program Files/Unity/Hub/Editor/2020.3.12f1/Editor/Data/MonoBleedingEdge/lib/mono/unityjit'
Mono config path = 'C:/Program Files/Unity/Hub/Editor/2020.3.12f1/Editor/Data/MonoBleedingEdge/etc'
Using monoOptions --debugger-agent=transport=dt_socket,embedding=1,server=y,suspend=n,address=127.0.0.1:56760
Begin MonoManager ReloadAssembly
Registering precompiled unity dll's ...
Register platform support module: C:/Program Files/Unity/Hub/Editor/2020.3.12f1/Editor/Data/PlaybackEngines/WindowsStandaloneSupport/UnityEditor.WindowsStandalone.Extensions.dll
Registered in 0.004024 seconds.
Native extension for WindowsStandalone target not found
Refreshing native plugins compatible for Editor in 419.04 ms, found 1 plugins.
Preloading 0 native plugins for Editor in 0.00 ms.
Mono: successfully reloaded assembly
- Completed reload, in  3.071 seconds
Platform modules already initialized, skipping
Registering precompiled user dll's ...
Registered in 0.010535 seconds.
Begin MonoManager ReloadAssembly
Symbol file LoadedFromMemory doesn't match image C:\Users\Instrutor\Documents\Unity Projects\3-Game---10-Week-Challenge\Library\PackageCache\com.unity.visualscripting@1.6.1\Editor\VisualScripting.Core\Dependencies\YamlDotNet\Unity.VisualScripting.YamlDotNet.dll
Symbol file LoadedFromMemory doesn't match image C:\Users\Instrutor\Documents\Unity Projects\3-Game---10-Week-Challenge\Library\PackageCache\com.unity.visualscripting@1.6.1\Editor\VisualScripting.Core\Dependencies\DotNetZip\Unity.VisualScripting.IonicZip.dll
Native extension for WindowsStandalone target not found
Refreshing native plugins compatible for Editor in 383.44 ms, found 1 plugins.
Preloading 0 native plugins for Editor in 0.00 ms.
Mono: successfully reloaded assembly
- Completed reload, in  3.633 seconds
Platform modules already initialized, skipping
========================================================================
Worker process is ready to serve import requests
Shader 'Universal Render Pipeline/Particles/Lit': fallback shader 'Universal Render Pipeline/Particles/SimpleLit' not found
Shader 'Custom/RainShader': fallback shader 'Particles/Alpha Blended' not found
Launched and connected shader compiler UnityShaderCompiler.exe after 0.13 seconds
Refreshing native plugins compatible for Editor in 2.85 ms, found 1 plugins.
Preloading 0 native plugins for Editor in 0.00 ms.
Unloading 5025 Unused Serialized files (Serialized files now loaded: 0)
System memory in use before: 192.1 MB.
System memory in use after: 192.5 MB.

Unloading 19 unused Assets to reduce memory usage. Loaded Objects now: 5469.
Total: 7.241300 ms (FindLiveObjects: 1.307700 ms CreateObjectMapping: 0.459000 ms MarkObjects: 5.307000 ms  DeleteObjects: 0.164700 ms)

AssetImportParameters requested are different than current active one (requested -> active):
  custom:framework-win-MediaFoundation: 216162199b28c13a410421893ffa2e32 -> 
  custom:video-decoder-ogg-theora: a1e56fd34408186e4bbccfd4996cb3dc -> 
  custom:container-muxer-webm: aa71ff27fc2769a1b78a27578f13a17b -> 
  custom:container-demuxer-webm: 4f35f7cbe854078d1ac9338744f61a02 -> 
  custom:container-demuxer-ogg: 62fdf1f143b41e24485cea50d1cbac27 -> 
  custom:video-encoder-webm-vp8: eb34c28f22e8b96e1ab97ce403110664 -> 
  custom:video-decoder-webm-vp8: 9c59270c3fd7afecdb556c50c9e8de78 -> 
  custom:audio-decoder-ogg-vorbis: bf7c407c2cedff20999df2af8eb42d56 -> 
  custom:audio-encoder-webm-vorbis: bf7c407c2cedff20999df2af8eb42d56 -> 
========================================================================
Received Import Request.
  path: Assets/Scenes/Game Scene.unity
  artifactKey: Guid(eecccbbc4b2a26040a16f636ac3aaa9d) Importer(815301076,1909f56bfc062723c751e8b465ee728b)
Start importing Assets/Scenes/Game Scene.unity using Guid(eecccbbc4b2a26040a16f636ac3aaa9d) Importer(815301076,1909f56bfc062723c751e8b465ee728b)  -> (artifact id: 'a1e3f0fb9737fde37cde0d0ffef2bb02') in 0.059618 seconds 
  Import took 0.085814 seconds .

========================================================================
Received Import Request.
  Time since last request: 0.000386 seconds.
  path: Assets/Scenes
  artifactKey: Guid(89adaafb9b2547d4ba4c20dfa0d21fff) Importer(815301076,1909f56bfc062723c751e8b465ee728b)
Start importing Assets/Scenes using Guid(89adaafb9b2547d4ba4c20dfa0d21fff) Importer(815301076,1909f56bfc062723c751e8b465ee728b)  -> (artifact id: '838f580876bfb0fda995d799a4b1825b') in 0.019600 seconds 
  Import took 0.039310 seconds .

========================================================================
Received Import Request.
  Time since last request: 11.941008 seconds.
  path: Assets/Scripts/Hit the Ship/Scripts/BulletBehaviour.cs
  artifactKey: Guid(e966d3ac75274ca4c99c7bfb51c745c0) Importer(815301076,1909f56bfc062723c751e8b465ee728b)
Start importing Assets/Scripts/Hit the Ship/Scripts/BulletBehaviour.cs using Guid(e966d3ac75274ca4c99c7bfb51c745c0) Importer(815301076,1909f56bfc062723c751e8b465ee728b)  -> (artifact id: 'cbacd539f2b14808214e79f74359ddd2') in 0.169378 seconds 
  Import took 0.187330 seconds .

========================================================================
Received Import Request.
  Time since last request: 0.890299 seconds.
  path: Assets/Scripts/Hit the Ship/Scripts/CameraAim.cs
  artifactKey: Guid(aa658bbdd7362b0459f34c7c36be1ac9) Importer(815301076,1909f56bfc062723c751e8b465ee728b)
Start importing Assets/Scripts/Hit the Ship/Scripts/CameraAim.cs using Guid(aa658bbdd7362b0459f34c7c36be1ac9) Importer(815301076,1909f56bfc062723c751e8b465ee728b)  -> (artifact id: 'ee8fa45bad081ec3a0f08a52fdd2dc40') in 0.014252 seconds 
  Import took 0.033107 seconds .

========================================================================
Received Import Request.
  Time since last request: 0.033936 seconds.
  path: Assets/Scripts/Hit the Ship/Scripts/CameraAim.cs
  artifactKey: Guid(aa658bbdd7362b0459f34c7c36be1ac9) Importer(815301076,1909f56bfc062723c751e8b465ee728b)
Start importing Assets/Scripts/Hit the Ship/Scripts/CameraAim.cs using Guid(aa658bbdd7362b0459f34c7c36be1ac9) Importer(815301076,1909f56bfc062723c751e8b465ee728b)  -> (artifact id: 'ee8fa45bad081ec3a0f08a52fdd2dc40') in 0.003978 seconds 
  Import took 0.018943 seconds .

========================================================================
Received Import Request.
  Time since last request: 1.143875 seconds.
  path: Assets/Scripts/Hit the Ship/Scripts/CannonFiringTween.cs
  artifactKey: Guid(d77567c0b0b1ec5439fffb379b119611) Importer(815301076,1909f56bfc062723c751e8b465ee728b)
Start importing Assets/Scripts/Hit the Ship/Scripts/CannonFiringTween.cs using Guid(d77567c0b0b1ec5439fffb379b119611) Importer(815301076,1909f56bfc062723c751e8b465ee728b)  -> (artifact id: '13c54e20d12bf0105bbae278eebf0d4b') in 0.015117 seconds 
  Import took 0.031135 seconds .

========================================================================
Received Import Request.
  Time since last request: 0.037582 seconds.
  path: Assets/Scripts/Hit the Ship/Scripts/CannonFiringTween.cs
  artifactKey: Guid(d77567c0b0b1ec5439fffb379b119611) Importer(815301076,1909f56bfc062723c751e8b465ee728b)
Start importing Assets/Scripts/Hit the Ship/Scripts/CannonFiringTween.cs using Guid(d77567c0b0b1ec5439fffb379b119611) Importer(815301076,1909f56bfc062723c751e8b465ee728b)  -> (artifact id: '13c54e20d12bf0105bbae278eebf0d4b') in 0.005122 seconds 
  Import took 0.023556 seconds .

AssetImportWorkerClient::OnTransportError - code=2 error=End of file
